<?xml version="1.0" encoding="UTF-8"?>
<testsuites name="jest tests" tests="2" failures="0" errors="0" time="2.758">
  <testsuite name="HttpBuildCacheProvider" errors="0" failures="0" skipped="0" timestamp="2024-10-22T23:58:14" time="2.392" tests="2">
    <testcase classname="HttpBuildCacheProvider tryGetCacheEntryBufferByIdAsync &gt; " name="prints warning if read credentials are not available (lib/test/HttpBuildCacheProvider.test.js)" time="0.019">
    </testcase>
    <testcase classname="HttpBuildCacheProvider tryGetCacheEntryBufferByIdAsync &gt; " name="attempts up to 3 times to download a cache entry (lib/test/HttpBuildCacheProvider.test.js)" time="0.01">
    </testcase>
  </testsuite>
</testsuites>